<?xml version="1.0" encoding="UTF-8" standalone="no"?>
<testsuite errors="0" failures="1" name="io.cucumber.core.plugin.JUnitFormatter" skipped="0" tests="1" time="29.679">
    <testcase classname="Login Scenarios" name="OrangeHRM Login Scenario" time="29.47">
        <failure message="Error {&#10;  message='Target closed&#10;=========================== logs ===========================&#10;waiting for locator(&quot;xpath=//input[@name='username']&quot;)&#10;============================================================&#10;  name='Error&#10;  stack='Error: Target closed&#10;=========================== logs ===========================&#10;waiting for locator(&quot;xpath=//input[@name='username']&quot;)&#10;============================================================&#10;    at /private/var/folders/0y/pmmbmb8j10s5njcw2jxgb4gw0000gn/T/playwright-java-15080963923791820542/package/lib/server/firefox/ffConnection.js:189:16&#10;    at new Promise (&lt;anonymous&gt;)&#10;    at FFSession.send (/private/var/folders/0y/pmmbmb8j10s5njcw2jxgb4gw0000gn/T/playwright-java-15080963923791820542/package/lib/server/firefox/ffConnection.js:185:12)&#10;    at FFExecutionContext.evaluateWithArguments (/private/var/folders/0y/pmmbmb8j10s5njcw2jxgb4gw0000gn/T/playwright-java-15080963923791820542/package/lib/server/firefox/ffExecutionContext.js:68:41)&#10;    at FrameExecutionContext.evaluateWithArguments (/private/var/folders/0y/pmmbmb8j10s5njcw2jxgb4gw0000gn/T/playwright-java-15080963923791820542/package/lib/server/javascript.js:61:61)&#10;    at evaluateExpression (/private/var/folders/0y/pmmbmb8j10s5njcw2jxgb4gw0000gn/T/playwright-java-15080963923791820542/package/lib/server/javascript.js:215:26)&#10;    at async InjectedScriptPollHandler.finishHandle (/private/var/folders/0y/pmmbmb8j10s5njcw2jxgb4gw0000gn/T/playwright-java-15080963923791820542/package/lib/server/dom.js:855:22)&#10;    at async RerunnableTask.rerun (/private/var/folders/0y/pmmbmb8j10s5njcw2jxgb4gw0000gn/T/playwright-java-15080963923791820542/package/lib/server/frames.js:1557:73)&#10;}" type="com.microsoft.playwright.PlaywrightException"><![CDATA[Given "https://google.com" sitesini aç......................................passed
Then Login syfasında olduğunu doğrula.......................................passed
And Enter username as "Admin"...............................................failed
And Enter password as "admin123"............................................skipped
And Click Login button......................................................skipped
Then Verify on login page...................................................skipped

StackTrace:
com.microsoft.playwright.PlaywrightException: Error {
  message='Target closed
=========================== logs ===========================
waiting for locator("xpath=//input[@name='username']")
============================================================
  name='Error
  stack='Error: Target closed
=========================== logs ===========================
waiting for locator("xpath=//input[@name='username']")
============================================================
    at /private/var/folders/0y/pmmbmb8j10s5njcw2jxgb4gw0000gn/T/playwright-java-15080963923791820542/package/lib/server/firefox/ffConnection.js:189:16
    at new Promise (<anonymous>)
    at FFSession.send (/private/var/folders/0y/pmmbmb8j10s5njcw2jxgb4gw0000gn/T/playwright-java-15080963923791820542/package/lib/server/firefox/ffConnection.js:185:12)
    at FFExecutionContext.evaluateWithArguments (/private/var/folders/0y/pmmbmb8j10s5njcw2jxgb4gw0000gn/T/playwright-java-15080963923791820542/package/lib/server/firefox/ffExecutionContext.js:68:41)
    at FrameExecutionContext.evaluateWithArguments (/private/var/folders/0y/pmmbmb8j10s5njcw2jxgb4gw0000gn/T/playwright-java-15080963923791820542/package/lib/server/javascript.js:61:61)
    at evaluateExpression (/private/var/folders/0y/pmmbmb8j10s5njcw2jxgb4gw0000gn/T/playwright-java-15080963923791820542/package/lib/server/javascript.js:215:26)
    at async InjectedScriptPollHandler.finishHandle (/private/var/folders/0y/pmmbmb8j10s5njcw2jxgb4gw0000gn/T/playwright-java-15080963923791820542/package/lib/server/dom.js:855:22)
    at async RerunnableTask.rerun (/private/var/folders/0y/pmmbmb8j10s5njcw2jxgb4gw0000gn/T/playwright-java-15080963923791820542/package/lib/server/frames.js:1557:73)
}
	at com.microsoft.playwright.impl.WaitableResult.get(WaitableResult.java:54)
	at com.microsoft.playwright.impl.ChannelOwner.runUntil(ChannelOwner.java:111)
	at com.microsoft.playwright.impl.Connection.sendMessage(Connection.java:119)
	at com.microsoft.playwright.impl.ChannelOwner.sendMessage(ChannelOwner.java:102)
	at com.microsoft.playwright.impl.FrameImpl.fillImpl(FrameImpl.java:339)
	at com.microsoft.playwright.impl.FrameImpl.lambda$fill$15(FrameImpl.java:329)
	at com.microsoft.playwright.impl.LoggingSupport.lambda$withLogging$0(LoggingSupport.java:36)
	at com.microsoft.playwright.impl.LoggingSupport.withLogging(LoggingSupport.java:47)
	at com.microsoft.playwright.impl.ChannelOwner.withLogging(ChannelOwner.java:87)
	at com.microsoft.playwright.impl.LoggingSupport.withLogging(LoggingSupport.java:35)
	at com.microsoft.playwright.impl.FrameImpl.fill(FrameImpl.java:329)
	at com.microsoft.playwright.impl.LocatorImpl.fill(LocatorImpl.java:182)
	at com.microsoft.playwright.Locator.fill(Locator.java:2473)
	at com.virgosol.stepImpl.OrangeLoginStepImpl.enter_username_as(OrangeLoginStepImpl.java:29)
	at ✽.Enter username as "Admin"(file:///Users/virgosol/IdeaProjects/PlayWrightFrameworkPOC/src/test/resources/features/OrangeHRMLogin.feature:8)
Caused by: com.microsoft.playwright.impl.DriverException: Error {
  message='Target closed
=========================== logs ===========================
waiting for locator("xpath=//input[@name='username']")
============================================================
  name='Error
  stack='Error: Target closed
=========================== logs ===========================
waiting for locator("xpath=//input[@name='username']")
============================================================
    at /private/var/folders/0y/pmmbmb8j10s5njcw2jxgb4gw0000gn/T/playwright-java-15080963923791820542/package/lib/server/firefox/ffConnection.js:189:16
    at new Promise (<anonymous>)
    at FFSession.send (/private/var/folders/0y/pmmbmb8j10s5njcw2jxgb4gw0000gn/T/playwright-java-15080963923791820542/package/lib/server/firefox/ffConnection.js:185:12)
    at FFExecutionContext.evaluateWithArguments (/private/var/folders/0y/pmmbmb8j10s5njcw2jxgb4gw0000gn/T/playwright-java-15080963923791820542/package/lib/server/firefox/ffExecutionContext.js:68:41)
    at FrameExecutionContext.evaluateWithArguments (/private/var/folders/0y/pmmbmb8j10s5njcw2jxgb4gw0000gn/T/playwright-java-15080963923791820542/package/lib/server/javascript.js:61:61)
    at evaluateExpression (/private/var/folders/0y/pmmbmb8j10s5njcw2jxgb4gw0000gn/T/playwright-java-15080963923791820542/package/lib/server/javascript.js:215:26)
    at async InjectedScriptPollHandler.finishHandle (/private/var/folders/0y/pmmbmb8j10s5njcw2jxgb4gw0000gn/T/playwright-java-15080963923791820542/package/lib/server/dom.js:855:22)
    at async RerunnableTask.rerun (/private/var/folders/0y/pmmbmb8j10s5njcw2jxgb4gw0000gn/T/playwright-java-15080963923791820542/package/lib/server/frames.js:1557:73)
}
	at com.microsoft.playwright.impl.Connection.dispatch(Connection.java:201)
	at com.microsoft.playwright.impl.Connection.processOneMessage(Connection.java:181)
	at com.microsoft.playwright.impl.ChannelOwner.runUntil(ChannelOwner.java:109)
	at com.microsoft.playwright.impl.Connection.sendMessage(Connection.java:119)
	at com.microsoft.playwright.impl.ChannelOwner.sendMessage(ChannelOwner.java:102)
	at com.microsoft.playwright.impl.FrameImpl.fillImpl(FrameImpl.java:339)
	at com.microsoft.playwright.impl.FrameImpl.lambda$fill$15(FrameImpl.java:329)
	at com.microsoft.playwright.impl.LoggingSupport.lambda$withLogging$0(LoggingSupport.java:36)
	at com.microsoft.playwright.impl.LoggingSupport.withLogging(LoggingSupport.java:47)
	at com.microsoft.playwright.impl.ChannelOwner.withLogging(ChannelOwner.java:87)
	at com.microsoft.playwright.impl.LoggingSupport.withLogging(LoggingSupport.java:35)
	at com.microsoft.playwright.impl.FrameImpl.fill(FrameImpl.java:329)
	at com.microsoft.playwright.impl.LocatorImpl.fill(LocatorImpl.java:182)
	at com.microsoft.playwright.Locator.fill(Locator.java:2473)
	at com.virgosol.stepImpl.OrangeLoginStepImpl.enter_username_as(OrangeLoginStepImpl.java:29)
	at java.base/jdk.internal.reflect.NativeMethodAccessorImpl.invoke0(Native Method)
	at java.base/jdk.internal.reflect.NativeMethodAccessorImpl.invoke(NativeMethodAccessorImpl.java:77)
	at java.base/jdk.internal.reflect.DelegatingMethodAccessorImpl.invoke(DelegatingMethodAccessorImpl.java:43)
	at java.base/java.lang.reflect.Method.invoke(Method.java:568)
	at io.cucumber.java.Invoker.doInvoke(Invoker.java:66)
	at io.cucumber.java.Invoker.invoke(Invoker.java:24)
	at io.cucumber.java.AbstractGlueDefinition.invokeMethod(AbstractGlueDefinition.java:47)
	at io.cucumber.java.JavaStepDefinition.execute(JavaStepDefinition.java:29)
	at io.cucumber.core.runner.CoreStepDefinition.execute(CoreStepDefinition.java:66)
	at io.cucumber.core.runner.PickleStepDefinitionMatch.runStep(PickleStepDefinitionMatch.java:63)
	at io.cucumber.core.runner.ExecutionMode$1.execute(ExecutionMode.java:10)
	at io.cucumber.core.runner.TestStep.executeStep(TestStep.java:92)
	at io.cucumber.core.runner.TestStep.run(TestStep.java:64)
	at io.cucumber.core.runner.PickleStepTestStep.run(PickleStepTestStep.java:51)
	at io.cucumber.core.runner.TestCase.run(TestCase.java:104)
	at io.cucumber.core.runner.Runner.runPickle(Runner.java:71)
	at io.cucumber.junit.PickleRunners$NoStepDescriptions.run(PickleRunners.java:151)
	at io.cucumber.junit.FeatureRunner.runChild(FeatureRunner.java:135)
	at io.cucumber.junit.FeatureRunner.runChild(FeatureRunner.java:27)
	at org.junit.runners.ParentRunner$4.run(ParentRunner.java:331)
	at org.junit.runners.ParentRunner$1.schedule(ParentRunner.java:79)
	at org.junit.runners.ParentRunner.runChildren(ParentRunner.java:329)
	at org.junit.runners.ParentRunner.access$100(ParentRunner.java:66)
	at org.junit.runners.ParentRunner$2.evaluate(ParentRunner.java:293)
	at org.junit.runners.ParentRunner$3.evaluate(ParentRunner.java:306)
	at org.junit.runners.ParentRunner.run(ParentRunner.java:413)
	at io.cucumber.junit.Cucumber.runChild(Cucumber.java:199)
	at io.cucumber.junit.Cucumber.runChild(Cucumber.java:90)
	at org.junit.runners.ParentRunner$4.run(ParentRunner.java:331)
	at org.junit.runners.ParentRunner$1.schedule(ParentRunner.java:79)
	at org.junit.runners.ParentRunner.runChildren(ParentRunner.java:329)
	at org.junit.runners.ParentRunner.access$100(ParentRunner.java:66)
	at org.junit.runners.ParentRunner$2.evaluate(ParentRunner.java:293)
	at io.cucumber.junit.Cucumber$RunCucumber.evaluate(Cucumber.java:234)
	at org.junit.runners.ParentRunner$3.evaluate(ParentRunner.java:306)
	at org.junit.runners.ParentRunner.run(ParentRunner.java:413)
	at org.junit.runner.JUnitCore.run(JUnitCore.java:137)
	at com.intellij.junit4.JUnit4IdeaTestRunner.startRunnerWithArgs(JUnit4IdeaTestRunner.java:69)
	at com.intellij.rt.junit.IdeaTestRunner$Repeater$1.execute(IdeaTestRunner.java:38)
	at com.intellij.rt.execution.junit.TestsRepeater.repeat(TestsRepeater.java:11)
	at com.intellij.rt.junit.IdeaTestRunner$Repeater.startRunnerWithArgs(IdeaTestRunner.java:35)
	at com.intellij.rt.junit.JUnitStarter.prepareStreamsAndStart(JUnitStarter.java:235)
	at com.intellij.rt.junit.JUnitStarter.main(JUnitStarter.java:54)
]]></failure>
    </testcase>
</testsuite>
